Determining if the pthread_create exist failed with the following output:
Change Dir: /home/jkb/practice/build/CMakeFiles/CMakeTmp

Run Build Command:"/usr/bin/make" "cmTC_14c45/fast"
/usr/bin/make -f CMakeFiles/cmTC_14c45.dir/build.make CMakeFiles/cmTC_14c45.dir/build
make[1]: Entering directory '/home/jkb/practice/build/CMakeFiles/CMakeTmp'
Building C object CMakeFiles/cmTC_14c45.dir/CheckSymbolExists.c.o
/usr/bin/cc     -o CMakeFiles/cmTC_14c45.dir/CheckSymbolExists.c.o   -c /home/jkb/practice/build/CMakeFiles/CMakeTmp/CheckSymbolExists.c
Linking C executable cmTC_14c45
/usr/bin/cmake -E cmake_link_script CMakeFiles/cmTC_14c45.dir/link.txt --verbose=1
/usr/bin/cc       CMakeFiles/cmTC_14c45.dir/CheckSymbolExists.c.o  -o cmTC_14c45 -rdynamic 
CMakeFiles/cmTC_14c45.dir/CheckSymbolExists.c.o：在函数‘main’中：
CheckSymbolExists.c:(.text+0x16)：对‘pthread_create’未定义的引用
collect2: error: ld returned 1 exit status
CMakeFiles/cmTC_14c45.dir/build.make:97: recipe for target 'cmTC_14c45' failed
make[1]: *** [cmTC_14c45] Error 1
make[1]: Leaving directory '/home/jkb/practice/build/CMakeFiles/CMakeTmp'
Makefile:126: recipe for target 'cmTC_14c45/fast' failed
make: *** [cmTC_14c45/fast] Error 2

File /home/jkb/practice/build/CMakeFiles/CMakeTmp/CheckSymbolExists.c:
/* */
#include <pthread.h>

int main(int argc, char** argv)
{
  (void)argv;
#ifndef pthread_create
  return ((int*)(&pthread_create))[argc];
#else
  (void)argc;
  return 0;
#endif
}

Determining if the function pthread_create exists in the pthreads failed with the following output:
Change Dir: /home/jkb/practice/build/CMakeFiles/CMakeTmp

Run Build Command:"/usr/bin/make" "cmTC_d634a/fast"
/usr/bin/make -f CMakeFiles/cmTC_d634a.dir/build.make CMakeFiles/cmTC_d634a.dir/build
make[1]: Entering directory '/home/jkb/practice/build/CMakeFiles/CMakeTmp'
Building C object CMakeFiles/cmTC_d634a.dir/CheckFunctionExists.c.o
/usr/bin/cc    -DCHECK_FUNCTION_EXISTS=pthread_create   -o CMakeFiles/cmTC_d634a.dir/CheckFunctionExists.c.o   -c /usr/share/cmake-3.5/Modules/CheckFunctionExists.c
Linking C executable cmTC_d634a
/usr/bin/cmake -E cmake_link_script CMakeFiles/cmTC_d634a.dir/link.txt --verbose=1
/usr/bin/cc   -DCHECK_FUNCTION_EXISTS=pthread_create    CMakeFiles/cmTC_d634a.dir/CheckFunctionExists.c.o  -o cmTC_d634a -rdynamic -lpthreads 
/usr/bin/ld: 找不到 -lpthreads
collect2: error: ld returned 1 exit status
CMakeFiles/cmTC_d634a.dir/build.make:97: recipe for target 'cmTC_d634a' failed
make[1]: *** [cmTC_d634a] Error 1
make[1]: Leaving directory '/home/jkb/practice/build/CMakeFiles/CMakeTmp'
Makefile:126: recipe for target 'cmTC_d634a/fast' failed
make: *** [cmTC_d634a/fast] Error 2


